sample/sample/build/outputs/logs/manifest-merger-debug-report.txt
-- Merging decision tree log ---
manifest
ADDED from AndroidManifest.xml:2:1
	package
		ADDED from AndroidManifest.xml:3:5
		INJECTED from AndroidManifest.xml:0:0
		INJECTED from AndroidManifest.xml:0:0
	android:versionName
		ADDED from AndroidManifest.xml:5:5
	android:versionCode
		ADDED from AndroidManifest.xml:4:5
		INJECTED from AndroidManifest.xml:0:0
		INJECTED from AndroidManifest.xml:0:0
	xmlns:android
		ADDED from AndroidManifest.xml:2:11
uses-sdk
ADDED from AndroidManifest.xml:7:5
MERGED from sample:library:unspecified:7:5
	android:targetSdkVersion
		ADDED from AndroidManifest.xml:9:9
		INJECTED from AndroidManifest.xml:0:0
		INJECTED from AndroidManifest.xml:0:0
	android:minSdkVersion
		ADDED from AndroidManifest.xml:8:9
		INJECTED from AndroidManifest.xml:0:0
		INJECTED from AndroidManifest.xml:0:0
application
ADDED from AndroidManifest.xml:11:5
	android:label
		ADDED from AndroidManifest.xml:12:9
	android:icon
		ADDED from AndroidManifest.xml:13:9
activity#com.viewpagerindicator.sample.ListSamples
ADDED from AndroidManifest.xml:15:9
	android:label
		ADDED from AndroidManifest.xml:17:13
	android:name
		ADDED from AndroidManifest.xml:16:13
intent-filter#android.intent.action.MAIN+android.intent.category.LAUNCHER
ADDED from AndroidManifest.xml:19:13
action#android.intent.action.MAIN
ADDED from AndroidManifest.xml:20:17
	android:name
		ADDED from AndroidManifest.xml:20:25
category#android.intent.category.LAUNCHER
ADDED from AndroidManifest.xml:21:17
	android:name
		ADDED from AndroidManifest.xml:21:27
activity#com.viewpagerindicator.sample.SampleCirclesDefault
ADDED from AndroidManifest.xml:28:9
	android:label
		ADDED from AndroidManifest.xml:30:13
	android:name
		ADDED from AndroidManifest.xml:29:13
intent-filter#android.intent.action.MAIN+com.jakewharton.android.viewpagerindicator.sample.SAMPLE
ADDED from AndroidManifest.xml:31:13
category#com.jakewharton.android.viewpagerindicator.sample.SAMPLE
ADDED from AndroidManifest.xml:33:17
	android:name
		ADDED from AndroidManifest.xml:33:27
activity#com.viewpagerindicator.sample.SampleCirclesInitialPage
ADDED from AndroidManifest.xml:36:9
	android:label
		ADDED from AndroidManifest.xml:38:13
	android:name
		ADDED from AndroidManifest.xml:37:13
activity#com.viewpagerindicator.sample.SampleCirclesSnap
ADDED from AndroidManifest.xml:44:9
	android:label
		ADDED from AndroidManifest.xml:46:13
	android:name
		ADDED from AndroidManifest.xml:45:13
activity#com.viewpagerindicator.sample.SampleCirclesStyledLayout
ADDED from AndroidManifest.xml:52:9
	android:label
		ADDED from AndroidManifest.xml:54:13
	android:theme
		ADDED from AndroidManifest.xml:55:13
	android:name
		ADDED from AndroidManifest.xml:53:13
activity#com.viewpagerindicator.sample.SampleCirclesStyledMethods
ADDED from AndroidManifest.xml:61:9
	android:label
		ADDED from AndroidManifest.xml:63:13
	android:theme
		ADDED from AndroidManifest.xml:64:13
	android:name
		ADDED from AndroidManifest.xml:62:13
activity#com.viewpagerindicator.sample.SampleCirclesStyledTheme
ADDED from AndroidManifest.xml:70:9
	android:label
		ADDED from AndroidManifest.xml:72:13
	android:theme
		ADDED from AndroidManifest.xml:73:13
	android:name
		ADDED from AndroidManifest.xml:71:13
activity#com.viewpagerindicator.sample.SampleCirclesWithListener
ADDED from AndroidManifest.xml:79:9
	android:label
		ADDED from AndroidManifest.xml:81:13
	android:name
		ADDED from AndroidManifest.xml:80:13
activity#com.viewpagerindicator.sample.SampleIconsDefault
ADDED from AndroidManifest.xml:91:9
	android:label
		ADDED from AndroidManifest.xml:93:13
	android:name
		ADDED from AndroidManifest.xml:92:13
activity#com.viewpagerindicator.sample.SampleLinesDefault
ADDED from AndroidManifest.xml:104:9
	android:label
		ADDED from AndroidManifest.xml:106:17
	android:name
		ADDED from AndroidManifest.xml:105:17
activity#com.viewpagerindicator.sample.SampleLinesStyledLayout
ADDED from AndroidManifest.xml:112:9
	android:label
		ADDED from AndroidManifest.xml:114:17
	android:theme
		ADDED from AndroidManifest.xml:115:17
	android:name
		ADDED from AndroidManifest.xml:113:17
activity#com.viewpagerindicator.sample.SampleLinesStyledMethods
ADDED from AndroidManifest.xml:121:9
	android:label
		ADDED from AndroidManifest.xml:123:17
	android:theme
		ADDED from AndroidManifest.xml:124:17
	android:name
		ADDED from AndroidManifest.xml:122:17
activity#com.viewpagerindicator.sample.SampleLinesStyledTheme
ADDED from AndroidManifest.xml:130:9
	android:label
		ADDED from AndroidManifest.xml:132:17
	android:theme
		ADDED from AndroidManifest.xml:133:17
	android:name
		ADDED from AndroidManifest.xml:131:17
activity#com.viewpagerindicator.sample.SampleTitlesBottom
ADDED from AndroidManifest.xml:143:9
	android:label
		ADDED from AndroidManifest.xml:145:13
	android:name
		ADDED from AndroidManifest.xml:144:13
activity#com.viewpagerindicator.sample.SampleTitlesCenterClickListener
ADDED from AndroidManifest.xml:151:9
	android:label
		ADDED from AndroidManifest.xml:153:13
	android:name
		ADDED from AndroidManifest.xml:152:13
activity#com.viewpagerindicator.sample.SampleTitlesDefault
ADDED from AndroidManifest.xml:159:9
	android:label
		ADDED from AndroidManifest.xml:161:13
	android:name
		ADDED from AndroidManifest.xml:160:13
activity#com.viewpagerindicator.sample.SampleTitlesInitialPage
ADDED from AndroidManifest.xml:167:9
	android:label
		ADDED from AndroidManifest.xml:169:13
	android:name
		ADDED from AndroidManifest.xml:168:13
activity#com.viewpagerindicator.sample.SampleTitlesStyledLayout
ADDED from AndroidManifest.xml:175:9
	android:label
		ADDED from AndroidManifest.xml:177:13
	android:theme
		ADDED from AndroidManifest.xml:178:13
	android:name
		ADDED from AndroidManifest.xml:176:13
activity#com.viewpagerindicator.sample.SampleTitlesStyledMethods
ADDED from AndroidManifest.xml:184:9
	android:label
		ADDED from AndroidManifest.xml:186:13
	android:theme
		ADDED from AndroidManifest.xml:187:13
	android:name
		ADDED from AndroidManifest.xml:185:13
activity#com.viewpagerindicator.sample.SampleTitlesStyledTheme
ADDED from AndroidManifest.xml:193:9
	android:label
		ADDED from AndroidManifest.xml:195:13
	android:theme
		ADDED from AndroidManifest.xml:196:13
	android:name
		ADDED from AndroidManifest.xml:194:13
activity#com.viewpagerindicator.sample.SampleTitlesTriangle
ADDED from AndroidManifest.xml:202:9
	android:label
		ADDED from AndroidManifest.xml:204:13
	android:name
		ADDED from AndroidManifest.xml:203:13
activity#com.viewpagerindicator.sample.SampleTitlesWithListener
ADDED from AndroidManifest.xml:210:9
	android:label
		ADDED from AndroidManifest.xml:212:13
	android:name
		ADDED from AndroidManifest.xml:211:13
activity#com.viewpagerindicator.sample.SampleTabsDefault
ADDED from AndroidManifest.xml:222:9
	android:label
		ADDED from AndroidManifest.xml:224:13
	android:theme
		ADDED from AndroidManifest.xml:225:13
	android:name
		ADDED from AndroidManifest.xml:223:13
activity#com.viewpagerindicator.sample.SampleTabsStyled
ADDED from AndroidManifest.xml:231:9
	android:label
		ADDED from AndroidManifest.xml:233:13
	android:theme
		ADDED from AndroidManifest.xml:234:13
	android:name
		ADDED from AndroidManifest.xml:232:13
activity#com.viewpagerindicator.sample.SampleTabsWithIcons
ADDED from AndroidManifest.xml:240:7
	android:label
		ADDED from AndroidManifest.xml:242:11
	android:theme
		ADDED from AndroidManifest.xml:243:11
	android:name
		ADDED from AndroidManifest.xml:241:11
activity#com.viewpagerindicator.sample.SampleUnderlinesDefault
ADDED from AndroidManifest.xml:253:9
	android:label
		ADDED from AndroidManifest.xml:255:17
	android:name
		ADDED from AndroidManifest.xml:254:17
activity#com.viewpagerindicator.sample.SampleUnderlinesNoFade
ADDED from AndroidManifest.xml:261:9
	android:label
		ADDED from AndroidManifest.xml:263:17
	android:name
		ADDED from AndroidManifest.xml:262:17
activity#com.viewpagerindicator.sample.SampleUnderlinesStyledLayout
ADDED from AndroidManifest.xml:269:9
	android:label
		ADDED from AndroidManifest.xml:271:17
	android:theme
		ADDED from AndroidManifest.xml:272:17
	android:name
		ADDED from AndroidManifest.xml:270:17
activity#com.viewpagerindicator.sample.SampleUnderlinesStyledMethods
ADDED from AndroidManifest.xml:278:9
	android:label
		ADDED from AndroidManifest.xml:280:17
	android:theme
		ADDED from AndroidManifest.xml:281:17
	android:name
		ADDED from AndroidManifest.xml:279:17
activity#com.viewpagerindicator.sample.SampleUnderlinesStyledTheme
ADDED from AndroidManifest.xml:287:9
	android:label
		ADDED from AndroidManifest.xml:289:17
	android:theme
		ADDED from AndroidManifest.xml:290:17
	android:name
		ADDED from AndroidManifest.xml:288:17